<?xml version="1.0" encoding="UTF-8"?>
<testng-results total="2" passed="2" failed="0" skipped="0">
  <reporter-output>
  </reporter-output>
  <suite started-at="2019-12-31T13:42:44Z" name="Default suite" finished-at="2019-12-31T13:43:30Z" duration-ms="46285">
    <groups>
    </groups>
    <test started-at="2019-12-31T13:42:44Z" name="Default test" finished-at="2019-12-31T13:43:30Z" duration-ms="46285">
      <class name="binance.BinanceTestCases">
        <test-method is-config="true" signature="setUp()[pri:0, instance:binance.BinanceTestCases@49cb9cb5]" started-at="2019-12-31T15:42:44Z" name="setUp" finished-at="2019-12-31T15:43:04Z" duration-ms="20566" status="PASS">
          <reporter-output>
          </reporter-output>
        </test-method> <!-- setUp -->
        <test-method signature="firstEndToEnd()[pri:0, instance:binance.BinanceTestCases@49cb9cb5]" started-at="2019-12-31T15:43:04Z" name="firstEndToEnd" finished-at="2019-12-31T15:43:24Z" duration-ms="19843" status="PASS">
          <reporter-output>
          </reporter-output>
        </test-method> <!-- firstEndToEnd -->
        <test-method signature="SecondEndToEnd()[pri:0, instance:binance.BinanceTestCases@49cb9cb5]" started-at="2019-12-31T15:43:24Z" name="SecondEndToEnd" finished-at="2019-12-31T15:43:25Z" duration-ms="1155" status="PASS">
          <reporter-output>
          </reporter-output>
        </test-method> <!-- SecondEndToEnd -->
        <test-method is-config="true" signature="tearDown()[pri:0, instance:binance.BinanceTestCases@49cb9cb5]" started-at="2019-12-31T15:43:25Z" name="tearDown" finished-at="2019-12-31T15:43:30Z" duration-ms="4692" status="PASS">
          <reporter-output>
          </reporter-output>
        </test-method> <!-- tearDown -->
      </class> <!-- binance.BinanceTestCases -->
    </test> <!-- Default test -->
  </suite> <!-- Default suite -->
</testng-results>
